[1127/095517.704:ERROR:directory_reader_win.cc(43)] FindFirstFile: The system cannot find the path specified. (0x3)
[1127/173038.585:ERROR:directory_reader_win.cc(43)] FindFirstFile: The system cannot find the path specified. (0x3)
[1128/173038.839:ERROR:directory_reader_win.cc(43)] FindFirstFile: The system cannot find the path specified. (0x3)
[1129/173039.036:ERROR:directory_reader_win.cc(43)] FindFirstFile: The system cannot find the path specified. (0x3)
[1203/095456.693:ERROR:directory_reader_win.cc(43)] FindFirstFile: The system cannot find the path specified. (0x3)
[1203/162820.294:ERROR:process_info.cc(359)] UncheckedAllocate
[1216/231344.988:ERROR:directory_reader_win.cc(43)] FindFirstFile: The system cannot find the path specified. (0x3)
[1217/231344.806:ERROR:directory_reader_win.cc(43)] FindFirstFile: The system cannot find the path specified. (0x3)
[1218/231344.520:ERROR:directory_reader_win.cc(43)] FindFirstFile: The system cannot find the path specified. (0x3)
[1218/231344.622:ERROR:filesystem_win.cc(129)] GetFileAttributes C:\Users\Fujitsu\AppData\Local\Google\Chrome\User Data\Crashpad\attachments\715fed80-664f-425d-8999-03826a93e0eb: The system cannot find the path specified. (0x3)
[1218/231344.626:ERROR:filesystem_win.cc(129)] GetFileAttributes C:\Users\Fujitsu\AppData\Local\Google\Chrome\User Data\Crashpad\attachments\7cf9db80-c089-4a04-9e91-539b53b1c463: The system cannot find the path specified. (0x3)
[1218/231344.631:ERROR:filesystem_win.cc(129)] GetFileAttributes C:\Users\Fujitsu\AppData\Local\Google\Chrome\User Data\Crashpad\attachments\838970cf-078a-4801-8f5e-9556a9aa370e: The system cannot find the path specified. (0x3)
[1218/231344.635:ERROR:filesystem_win.cc(129)] GetFileAttributes C:\Users\Fujitsu\AppData\Local\Google\Chrome\User Data\Crashpad\attachments\ee92ebe5-7679-4481-aa3e-fa3f640ab8b4: The system cannot find the path specified. (0x3)
[1218/231344.639:ERROR:filesystem_win.cc(129)] GetFileAttributes C:\Users\Fujitsu\AppData\Local\Google\Chrome\User Data\Crashpad\attachments\bb7d5291-b4d1-443b-90df-98aa5f68c3d7: The system cannot find the path specified. (0x3)
[1218/231344.642:ERROR:filesystem_win.cc(129)] GetFileAttributes C:\Users\Fujitsu\AppData\Local\Google\Chrome\User Data\Crashpad\attachments\7ec7295d-6761-41fb-9584-4465d172efe0: The system cannot find the path specified. (0x3)
[1218/231344.646:ERROR:filesystem_win.cc(129)] GetFileAttributes C:\Users\Fujitsu\AppData\Local\Google\Chrome\User Data\Crashpad\attachments\d0a7df40-f771-418d-a474-3c9134e4224b: The system cannot find the path specified. (0x3)
[1218/231344.650:ERROR:filesystem_win.cc(129)] GetFileAttributes C:\Users\Fujitsu\AppData\Local\Google\Chrome\User Data\Crashpad\attachments\8b42e0a4-0a58-42e6-9fd5-b5c649b9916e: The system cannot find the path specified. (0x3)
[1218/231344.653:ERROR:filesystem_win.cc(129)] GetFileAttributes C:\Users\Fujitsu\AppData\Local\Google\Chrome\User Data\Crashpad\attachments\de3cfb49-b4af-4402-a471-7c278067e08a: The system cannot find the path specified. (0x3)
[1218/231344.657:ERROR:filesystem_win.cc(129)] GetFileAttributes C:\Users\Fujitsu\AppData\Local\Google\Chrome\User Data\Crashpad\attachments\30a0fbdb-00c7-498a-91af-387bc71ddf7c: The system cannot find the path specified. (0x3)
[1219/231344.474:ERROR:directory_reader_win.cc(43)] FindFirstFile: The system cannot find the path specified. (0x3)
[1219/231344.484:ERROR:filesystem_win.cc(129)] GetFileAttributes C:\Users\Fujitsu\AppData\Local\Google\Chrome\User Data\Crashpad\attachments\935591c0-1e11-468e-b74d-af76ae7438e2: The system cannot find the path specified. (0x3)
[1219/231344.487:ERROR:filesystem_win.cc(129)] GetFileAttributes C:\Users\Fujitsu\AppData\Local\Google\Chrome\User Data\Crashpad\attachments\7b79d549-f6da-4d34-b9d6-82d67005d0b4: The system cannot find the path specified. (0x3)
[1219/231344.490:ERROR:filesystem_win.cc(129)] GetFileAttributes C:\Users\Fujitsu\AppData\Local\Google\Chrome\User Data\Crashpad\attachments\dab2b335-3dee-4453-99e1-071ba5a7b607: The system cannot find the path specified. (0x3)
[1219/231344.493:ERROR:filesystem_win.cc(129)] GetFileAttributes C:\Users\Fujitsu\AppData\Local\Google\Chrome\User Data\Crashpad\attachments\2a551e73-b691-42fa-9d30-559198fa0851: The system cannot find the path specified. (0x3)
[1219/231344.497:ERROR:filesystem_win.cc(129)] GetFileAttributes C:\Users\Fujitsu\AppData\Local\Google\Chrome\User Data\Crashpad\attachments\c110f4fb-c47f-42f9-afef-fbd181f73df4: The system cannot find the path specified. (0x3)
[1219/231344.501:ERROR:filesystem_win.cc(129)] GetFileAttributes C:\Users\Fujitsu\AppData\Local\Google\Chrome\User Data\Crashpad\attachments\ee346ea7-48e6-41d3-892f-49c7fe77c913: The system cannot find the path specified. (0x3)
[1219/231344.505:ERROR:filesystem_win.cc(129)] GetFileAttributes C:\Users\Fujitsu\AppData\Local\Google\Chrome\User Data\Crashpad\attachments\fecc65f0-b2cb-4e4c-8f24-eb0fb27dfa69: The system cannot find the path specified. (0x3)
[1219/231344.508:ERROR:filesystem_win.cc(129)] GetFileAttributes C:\Users\Fujitsu\AppData\Local\Google\Chrome\User Data\Crashpad\attachments\f3d3e8e2-af00-4caa-a32d-0a849fc29272: The system cannot find the path specified. (0x3)
[1219/231344.510:ERROR:filesystem_win.cc(129)] GetFileAttributes C:\Users\Fujitsu\AppData\Local\Google\Chrome\User Data\Crashpad\attachments\5a22b19c-467d-44b2-9773-ed767d62466b: The system cannot find the path specified. (0x3)
[1219/231344.513:ERROR:filesystem_win.cc(129)] GetFileAttributes C:\Users\Fujitsu\AppData\Local\Google\Chrome\User Data\Crashpad\attachments\5f652ade-ef74-44e3-ae23-be3c91463b6b: The system cannot find the path specified. (0x3)
[1219/231344.516:ERROR:filesystem_win.cc(129)] GetFileAttributes C:\Users\Fujitsu\AppData\Local\Google\Chrome\User Data\Crashpad\attachments\bd0603f1-49eb-4ae8-a3e9-70b8518c78ef: The system cannot find the path specified. (0x3)
[1219/231344.519:ERROR:filesystem_win.cc(129)] GetFileAttributes C:\Users\Fujitsu\AppData\Local\Google\Chrome\User Data\Crashpad\attachments\a7d7ec30-23d1-4571-9c8b-213bf63b64fa: The system cannot find the path specified. (0x3)
[1219/231344.522:ERROR:filesystem_win.cc(129)] GetFileAttributes C:\Users\Fujitsu\AppData\Local\Google\Chrome\User Data\Crashpad\attachments\2a529eeb-05da-4ee8-8690-b727e5a84fe8: The system cannot find the path specified. (0x3)
[1219/231344.524:ERROR:filesystem_win.cc(129)] GetFileAttributes C:\Users\Fujitsu\AppData\Local\Google\Chrome\User Data\Crashpad\attachments\82521b9b-0204-4af3-9b09-ac24c3fbcbb7: The system cannot find the path specified. (0x3)
[1219/231344.528:ERROR:filesystem_win.cc(129)] GetFileAttributes C:\Users\Fujitsu\AppData\Local\Google\Chrome\User Data\Crashpad\attachments\6fc3f850-1292-4c15-809a-058327c3a8ab: The system cannot find the path specified. (0x3)
[1219/231344.530:ERROR:filesystem_win.cc(129)] GetFileAttributes C:\Users\Fujitsu\AppData\Local\Google\Chrome\User Data\Crashpad\attachments\ad1ba265-4abb-4316-9383-0596257945ff: The system cannot find the path specified. (0x3)
[1219/231344.534:ERROR:filesystem_win.cc(129)] GetFileAttributes C:\Users\Fujitsu\AppData\Local\Google\Chrome\User Data\Crashpad\attachments\ad399245-e096-4f91-a5b4-8e6cfd16c6f0: The system cannot find the path specified. (0x3)
[1219/231344.536:ERROR:filesystem_win.cc(129)] GetFileAttributes C:\Users\Fujitsu\AppData\Local\Google\Chrome\User Data\Crashpad\attachments\314fee5a-435a-4bbc-a996-a60c9b72280d: The system cannot find the path specified. (0x3)
[1219/231344.539:ERROR:filesystem_win.cc(129)] GetFileAttributes C:\Users\Fujitsu\AppData\Local\Google\Chrome\User Data\Crashpad\attachments\24bdb392-1309-4db7-aa1a-f6e0afa1563a: The system cannot find the path specified. (0x3)
[1219/231344.541:ERROR:filesystem_win.cc(129)] GetFileAttributes C:\Users\Fujitsu\AppData\Local\Google\Chrome\User Data\Crashpad\attachments\1b75846d-6119-4379-bf3c-2ecb7646ad6f: The system cannot find the path specified. (0x3)
[1219/231344.545:ERROR:filesystem_win.cc(129)] GetFileAttributes C:\Users\Fujitsu\AppData\Local\Google\Chrome\User Data\Crashpad\attachments\d7b0fe25-9325-45b2-8661-f5c1880e1efb: The system cannot find the path specified. (0x3)
[1219/231344.548:ERROR:filesystem_win.cc(129)] GetFileAttributes C:\Users\Fujitsu\AppData\Local\Google\Chrome\User Data\Crashpad\attachments\b28757b0-3e7c-405f-ab28-4d2ef484a114: The system cannot find the path specified. (0x3)
[1219/231344.550:ERROR:filesystem_win.cc(129)] GetFileAttributes C:\Users\Fujitsu\AppData\Local\Google\Chrome\User Data\Crashpad\attachments\6eb7dd28-a6af-43e3-b882-8e60bd2c4c0c: The system cannot find the path specified. (0x3)
[1219/231344.552:ERROR:filesystem_win.cc(129)] GetFileAttributes C:\Users\Fujitsu\AppData\Local\Google\Chrome\User Data\Crashpad\attachments\d56ccaba-fcad-4f15-b0aa-6defe5d0d1f5: The system cannot find the path specified. (0x3)
[1219/231344.554:ERROR:filesystem_win.cc(129)] GetFileAttributes C:\Users\Fujitsu\AppData\Local\Google\Chrome\User Data\Crashpad\attachments\2ff59c01-2276-4bc8-bc0c-79bbb5b6fdcd: The system cannot find the path specified. (0x3)
[1219/231344.556:ERROR:filesystem_win.cc(129)] GetFileAttributes C:\Users\Fujitsu\AppData\Local\Google\Chrome\User Data\Crashpad\attachments\a130cae0-c057-49f5-93f2-303ef5a33693: The system cannot find the path specified. (0x3)
[1219/231344.559:ERROR:filesystem_win.cc(129)] GetFileAttributes C:\Users\Fujitsu\AppData\Local\Google\Chrome\User Data\Crashpad\attachments\58bf89ae-036f-4dfb-ac02-891ac7230fdf: The system cannot find the path specified. (0x3)
[1219/231344.561:ERROR:filesystem_win.cc(129)] GetFileAttributes C:\Users\Fujitsu\AppData\Local\Google\Chrome\User Data\Crashpad\attachments\a39224c1-1e0b-4669-aa80-8860efefd49c: The system cannot find the path specified. (0x3)
[1219/231344.563:ERROR:filesystem_win.cc(129)] GetFileAttributes C:\Users\Fujitsu\AppData\Local\Google\Chrome\User Data\Crashpad\attachments\515ec4f2-ced1-4df8-8542-1263ad3ae22f: The system cannot find the path specified. (0x3)
[1219/231344.566:ERROR:filesystem_win.cc(129)] GetFileAttributes C:\Users\Fujitsu\AppData\Local\Google\Chrome\User Data\Crashpad\attachments\e1d4bd8c-5346-49a8-b053-1ea7a230f8f9: The system cannot find the path specified. (0x3)
[1219/231344.568:ERROR:filesystem_win.cc(129)] GetFileAttributes C:\Users\Fujitsu\AppData\Local\Google\Chrome\User Data\Crashpad\attachments\e1c20186-90a8-4fdf-97e4-5eaf71b08cae: The system cannot find the path specified. (0x3)
[1219/231344.569:ERROR:filesystem_win.cc(129)] GetFileAttributes C:\Users\Fujitsu\AppData\Local\Google\Chrome\User Data\Crashpad\attachments\a757ae06-370b-46b7-94b2-9e972ed02256: The system cannot find the path specified. (0x3)
[1219/231344.571:ERROR:filesystem_win.cc(129)] GetFileAttributes C:\Users\Fujitsu\AppData\Local\Google\Chrome\User Data\Crashpad\attachments\444130f2-73a0-47ec-9c47-fd276c1b4f68: The system cannot find the path specified. (0x3)
[1219/231344.573:ERROR:filesystem_win.cc(129)] GetFileAttributes C:\Users\Fujitsu\AppData\Local\Google\Chrome\User Data\Crashpad\attachments\66a038ac-2bab-4a37-b678-3a54cf3efe20: The system cannot find the path specified. (0x3)
[1219/231344.575:ERROR:filesystem_win.cc(129)] GetFileAttributes C:\Users\Fujitsu\AppData\Local\Google\Chrome\User Data\Crashpad\attachments\726cc2c3-4990-4b9b-a898-b083a9023a71: The system cannot find the path specified. (0x3)
[1219/231344.577:ERROR:filesystem_win.cc(129)] GetFileAttributes C:\Users\Fujitsu\AppData\Local\Google\Chrome\User Data\Crashpad\attachments\fcdb33db-c6ee-42b8-a076-9607b4ee6e95: The system cannot find the path specified. (0x3)
[1219/231344.578:ERROR:filesystem_win.cc(129)] GetFileAttributes C:\Users\Fujitsu\AppData\Local\Google\Chrome\User Data\Crashpad\attachments\cea34916-598d-47b1-95fe-d4fcf29c21d6: The system cannot find the path specified. (0x3)
[1219/231344.580:ERROR:filesystem_win.cc(129)] GetFileAttributes C:\Users\Fujitsu\AppData\Local\Google\Chrome\User Data\Crashpad\attachments\1448eeae-4084-44a9-9bbe-e68c42479143: The system cannot find the path specified. (0x3)
[1219/231344.582:ERROR:filesystem_win.cc(129)] GetFileAttributes C:\Users\Fujitsu\AppData\Local\Google\Chrome\User Data\Crashpad\attachments\181657a1-ee93-4cc7-b6bf-ae314e2295aa: The system cannot find the path specified. (0x3)
[1219/231344.583:ERROR:filesystem_win.cc(129)] GetFileAttributes C:\Users\Fujitsu\AppData\Local\Google\Chrome\User Data\Crashpad\attachments\e3198546-3854-4d5f-8b1d-bc79eae467ad: The system cannot find the path specified. (0x3)
[1219/231344.585:ERROR:filesystem_win.cc(129)] GetFileAttributes C:\Users\Fujitsu\AppData\Local\Google\Chrome\User Data\Crashpad\attachments\3f084974-31e0-4a9b-8a5d-b278ecb73ffc: The system cannot find the path specified. (0x3)
[1219/231344.586:ERROR:filesystem_win.cc(129)] GetFileAttributes C:\Users\Fujitsu\AppData\Local\Google\Chrome\User Data\Crashpad\attachments\cae6caf8-5b66-45e5-b21f-2f98231d1047: The system cannot find the path specified. (0x3)
[1219/231344.588:ERROR:filesystem_win.cc(129)] GetFileAttributes C:\Users\Fujitsu\AppData\Local\Google\Chrome\User Data\Crashpad\attachments\45307ebe-17d1-4a0d-8043-1aa0f09f2016: The system cannot find the path specified. (0x3)
[1219/231344.589:ERROR:filesystem_win.cc(129)] GetFileAttributes C:\Users\Fujitsu\AppData\Local\Google\Chrome\User Data\Crashpad\attachments\6095afd5-b912-4135-9103-37cdb8fd57fb: The system cannot find the path specified. (0x3)
[1219/231344.591:ERROR:filesystem_win.cc(129)] GetFileAttributes C:\Users\Fujitsu\AppData\Local\Google\Chrome\User Data\Crashpad\attachments\4a86d0fd-ed75-479d-a041-a93de28bcf88: The system cannot find the path specified. (0x3)
[1219/231344.592:ERROR:filesystem_win.cc(129)] GetFileAttributes C:\Users\Fujitsu\AppData\Local\Google\Chrome\User Data\Crashpad\attachments\7a6e779d-93da-4c4f-836b-79e61a224f17: The system cannot find the path specified. (0x3)
[1219/231344.593:ERROR:filesystem_win.cc(129)] GetFileAttributes C:\Users\Fujitsu\AppData\Local\Google\Chrome\User Data\Crashpad\attachments\7fb0d279-0ef3-4bad-bba6-4f4dc0b5710f: The system cannot find the path specified. (0x3)
[1219/231344.594:ERROR:filesystem_win.cc(129)] GetFileAttributes C:\Users\Fujitsu\AppData\Local\Google\Chrome\User Data\Crashpad\attachments\19bbb46f-e214-4744-b21c-274dfc29f5ff: The system cannot find the path specified. (0x3)
[1219/231344.596:ERROR:filesystem_win.cc(129)] GetFileAttributes C:\Users\Fujitsu\AppData\Local\Google\Chrome\User Data\Crashpad\attachments\ecf9f105-02a4-4859-809e-3a9cda1b0b6a: The system cannot find the path specified. (0x3)
[1219/231344.597:ERROR:filesystem_win.cc(129)] GetFileAttributes C:\Users\Fujitsu\AppData\Local\Google\Chrome\User Data\Crashpad\attachments\e27183ba-2815-45ed-86fe-fa4b9e43a23d: The system cannot find the path specified. (0x3)
[1219/231344.598:ERROR:filesystem_win.cc(129)] GetFileAttributes C:\Users\Fujitsu\AppData\Local\Google\Chrome\User Data\Crashpad\attachments\7957f85f-6195-47fe-9e46-01af1073c7c9: The system cannot find the path specified. (0x3)
[1219/231344.599:ERROR:filesystem_win.cc(129)] GetFileAttributes C:\Users\Fujitsu\AppData\Local\Google\Chrome\User Data\Crashpad\attachments\4a1b9ba0-6bde-4fda-9c72-3a8315e95808: The system cannot find the path specified. (0x3)
[1219/231344.600:ERROR:filesystem_win.cc(129)] GetFileAttributes C:\Users\Fujitsu\AppData\Local\Google\Chrome\User Data\Crashpad\attachments\d5772b63-665b-4fd7-887f-956850700ab1: The system cannot find the path specified. (0x3)
[1219/231344.601:ERROR:filesystem_win.cc(129)] GetFileAttributes C:\Users\Fujitsu\AppData\Local\Google\Chrome\User Data\Crashpad\attachments\763b8c24-37c9-4c0b-8baf-fd91ac7eb794: The system cannot find the path specified. (0x3)
[1219/231344.601:ERROR:filesystem_win.cc(129)] GetFileAttributes C:\Users\Fujitsu\AppData\Local\Google\Chrome\User Data\Crashpad\attachments\d1179d5d-9e58-4f72-964b-59e414006ddb: The system cannot find the path specified. (0x3)
[1219/231344.602:ERROR:filesystem_win.cc(129)] GetFileAttributes C:\Users\Fujitsu\AppData\Local\Google\Chrome\User Data\Crashpad\attachments\91dd36e9-4d31-477e-b9ee-71f89929aca2: The system cannot find the path specified. (0x3)
[1219/231344.604:ERROR:filesystem_win.cc(129)] GetFileAttributes C:\Users\Fujitsu\AppData\Local\Google\Chrome\User Data\Crashpad\attachments\82206e68-52c1-4bf3-82cf-aadf31e5856d: The system cannot find the path specified. (0x3)
[1219/231344.604:ERROR:filesystem_win.cc(129)] GetFileAttributes C:\Users\Fujitsu\AppData\Local\Google\Chrome\User Data\Crashpad\attachments\dfbbf7b7-f80f-4800-99cc-be8862b55ad4: The system cannot find the path specified. (0x3)
[1219/231344.606:ERROR:filesystem_win.cc(129)] GetFileAttributes C:\Users\Fujitsu\AppData\Local\Google\Chrome\User Data\Crashpad\attachments\422e59b2-2c2e-4656-bfca-5309bd1c89e8: The system cannot find the path specified. (0x3)
[1219/231344.607:ERROR:filesystem_win.cc(129)] GetFileAttributes C:\Users\Fujitsu\AppData\Local\Google\Chrome\User Data\Crashpad\attachments\ec05232d-44e7-4e64-99d4-5126fb5dd8e9: The system cannot find the path specified. (0x3)
[1219/231344.607:ERROR:filesystem_win.cc(129)] GetFileAttributes C:\Users\Fujitsu\AppData\Local\Google\Chrome\User Data\Crashpad\attachments\f324b73e-dce8-4ed2-9976-7d1a279a88dd: The system cannot find the path specified. (0x3)
[1219/231344.608:ERROR:filesystem_win.cc(129)] GetFileAttributes C:\Users\Fujitsu\AppData\Local\Google\Chrome\User Data\Crashpad\attachments\c696bc1a-a2b9-476b-9ac5-f87c14073345: The system cannot find the path specified. (0x3)
[1219/231344.609:ERROR:filesystem_win.cc(129)] GetFileAttributes C:\Users\Fujitsu\AppData\Local\Google\Chrome\User Data\Crashpad\attachments\d3e10ab9-219e-4d26-91a5-69161fd1ea4c: The system cannot find the path specified. (0x3)
[1219/231344.609:ERROR:filesystem_win.cc(129)] GetFileAttributes C:\Users\Fujitsu\AppData\Local\Google\Chrome\User Data\Crashpad\attachments\a9180446-adde-4398-9939-980435ac6ef0: The system cannot find the path specified. (0x3)
[1219/231344.610:ERROR:filesystem_win.cc(129)] GetFileAttributes C:\Users\Fujitsu\AppData\Local\Google\Chrome\User Data\Crashpad\attachments\bbfc209d-02b4-4d80-84a3-f6a448305bbb: The system cannot find the path specified. (0x3)
[1219/231344.613:ERROR:filesystem_win.cc(129)] GetFileAttributes C:\Users\Fujitsu\AppData\Local\Google\Chrome\User Data\Crashpad\attachments\c20f87b6-1c34-4b66-b6f4-de96684ea883: The system cannot find the path specified. (0x3)
[1220/231344.259:ERROR:directory_reader_win.cc(43)] FindFirstFile: The system cannot find the path specified. (0x3)
[1221/231344.101:ERROR:directory_reader_win.cc(43)] FindFirstFile: The system cannot find the path specified. (0x3)
